Using pre-set license
Built from '2021.1/release' branch; Version is '2021.1.0f1 (61a549675243) revision 6399305'; Using compiler version '192528614'; Build Type 'Release'
OS: 'Windows 10 Home; OS build 19042.867; Version 2009; 64bit' Language: 'fr' Physical Memory: 16287 MB
BatchMode: 1, IsHumanControllingUs: 0, StartBugReporterOnCrash: 0, Is64bit: 1, IsPro: 0

 COMMAND LINE ARGUMENTS:
D:\Unity\Editors\2021.1.0f1\Editor\Unity.exe
-adb2
-batchMode
-noUpm
-name
AssetImportWorker0
-projectPath
D:/GitHub/Asinus-asinum-fricat/Asinus Asinum Fricat
-logFile
Logs/AssetImportWorker0.log
-srvPort
64174
Successfully changed project path to: D:/GitHub/Asinus-asinum-fricat/Asinus Asinum Fricat
D:/GitHub/Asinus-asinum-fricat/Asinus Asinum Fricat
Using Asset Import Pipeline V2.
Refreshing native plugins compatible for Editor in 88.92 ms, found 2 plugins.
Preloading 0 native plugins for Editor in 0.00 ms.
Initialize engine version: 2021.1.0f1 (61a549675243)
[Subsystems] Discovering subsystems at path D:/Unity/Editors/2021.1.0f1/Editor/Data/Resources/UnitySubsystems
[Subsystems] Discovering subsystems at path D:/GitHub/Asinus-asinum-fricat/Asinus Asinum Fricat/Assets
GfxDevice: creating device client; threaded=0; jobified=0
Direct3D:
    Version:  Direct3D 11.0 [level 11.1]
    Renderer: NVIDIA GeForce GTX 1070 (ID=0x1be1)
    Vendor:   NVIDIA
    VRAM:     8081 MB
    Driver:   27.21.14.6079
Initialize mono
Mono path[0] = 'D:/Unity/Editors/2021.1.0f1/Editor/Data/Managed'
Mono path[1] = 'D:/Unity/Editors/2021.1.0f1/Editor/Data/MonoBleedingEdge/lib/mono/unityjit'
Mono config path = 'D:/Unity/Editors/2021.1.0f1/Editor/Data/MonoBleedingEdge/etc'
Using monoOptions --debugger-agent=transport=dt_socket,embedding=1,server=y,suspend=n,address=127.0.0.1:56580
Begin MonoManager ReloadAssembly
Registering precompiled unity dll's ...
Register platform support module: D:/Unity/Editors/2021.1.0f1/Editor/Data/PlaybackEngines/WindowsStandaloneSupport/UnityEditor.WindowsStandalone.Extensions.dll
Registered in 0.001174 seconds.
Native extension for WindowsStandalone target not found
Refreshing native plugins compatible for Editor in 90.16 ms, found 2 plugins.
Preloading 0 native plugins for Editor in 0.00 ms.
Mono: successfully reloaded assembly
- Completed reload, in  1.345 seconds
Platform modules already initialized, skipping
Registering precompiled user dll's ...
Registered in 0.003230 seconds.
Begin MonoManager ReloadAssembly
Native extension for WindowsStandalone target not found
Refreshing native plugins compatible for Editor in 90.27 ms, found 2 plugins.
Preloading 0 native plugins for Editor in 0.00 ms.
Mono: successfully reloaded assembly
- Completed reload, in  1.096 seconds
Platform modules already initialized, skipping
========================================================================
Worker process is ready to serve import requests
Launched and connected shader compiler UnityShaderCompiler.exe after 0.04 seconds
Refreshing native plugins compatible for Editor in 0.63 ms, found 2 plugins.
Preloading 0 native plugins for Editor in 0.00 ms.
Unloading 3382 Unused Serialized files (Serialized files now loaded: 0)
System memory in use before: 129.4 MB.
System memory in use after: 129.5 MB.

Unloading 29 unused Assets to reduce memory usage. Loaded Objects now: 3834.
Total: 2.555200 ms (FindLiveObjects: 0.285900 ms CreateObjectMapping: 0.170700 ms MarkObjects: 1.985800 ms  DeleteObjects: 0.111600 ms)

========================================================================
Received Import Request.
  path: Assets/Scenes/Consultation listes.unity
  artifactKey: Guid(c0ae9b0ea3b42da499c5544b9e23d513) Importer(815301076,1909f56bfc062723c751e8b465ee728b)
Start importing Assets/Scenes/Consultation listes.unity using Guid(c0ae9b0ea3b42da499c5544b9e23d513) Importer(815301076,1909f56bfc062723c751e8b465ee728b)  -> (artifact id: 'efa5a8604c115944ca690f7408e358d7') in 0.035756 seconds 
========================================================================
Received Import Request.
  Time since last request: 0.000315 seconds.
  path: Assets/Scenes/Menu principal.unity
  artifactKey: Guid(2cda990e2423bbf4892e6590ba056729) Importer(815301076,1909f56bfc062723c751e8b465ee728b)
Start importing Assets/Scenes/Menu principal.unity using Guid(2cda990e2423bbf4892e6590ba056729) Importer(815301076,1909f56bfc062723c751e8b465ee728b)  -> (artifact id: '15556f907da868601cfa5923f9cb6c46') in 0.003370 seconds 
========================================================================
Received Import Request.
  Time since last request: 48.009948 seconds.
  path: Assets/Scenes/Menu principal.unity
  artifactKey: Guid(2cda990e2423bbf4892e6590ba056729) Importer(815301076,1909f56bfc062723c751e8b465ee728b)
Start importing Assets/Scenes/Menu principal.unity using Guid(2cda990e2423bbf4892e6590ba056729) Importer(815301076,1909f56bfc062723c751e8b465ee728b)  -> (artifact id: '16131c56b28b5f7633ec368e4aee66ef') in 0.003276 seconds 
========================================================================
Received Prepare
Registering precompiled user dll's ...
Registered in 0.003094 seconds.
Begin MonoManager ReloadAssembly
Native extension for WindowsStandalone target not found
Refreshing native plugins compatible for Editor in 0.64 ms, found 2 plugins.
Preloading 0 native plugins for Editor in 0.00 ms.
Mono: successfully reloaded assembly
- Completed reload, in  0.919 seconds
Platform modules already initialized, skipping
Refreshing native plugins compatible for Editor in 0.66 ms, found 2 plugins.
Preloading 0 native plugins for Editor in 0.00 ms.
Unloading 3364 Unused Serialized files (Serialized files now loaded: 0)
System memory in use before: 128.4 MB.
System memory in use after: 128.5 MB.

Unloading 17 unused Assets to reduce memory usage. Loaded Objects now: 3838.
Total: 2.252100 ms (FindLiveObjects: 0.258000 ms CreateObjectMapping: 0.171400 ms MarkObjects: 1.736400 ms  DeleteObjects: 0.085300 ms)

========================================================================
Received Prepare
Registering precompiled user dll's ...
Registered in 0.003251 seconds.
Begin MonoManager ReloadAssembly
Native extension for WindowsStandalone target not found
Refreshing native plugins compatible for Editor in 0.58 ms, found 2 plugins.
Preloading 0 native plugins for Editor in 0.00 ms.
Mono: successfully reloaded assembly
- Completed reload, in  0.906 seconds
Platform modules already initialized, skipping
Refreshing native plugins compatible for Editor in 0.59 ms, found 2 plugins.
Preloading 0 native plugins for Editor in 0.00 ms.
Unloading 3364 Unused Serialized files (Serialized files now loaded: 0)
System memory in use before: 128.5 MB.
System memory in use after: 128.6 MB.

Unloading 17 unused Assets to reduce memory usage. Loaded Objects now: 3842.
Total: 2.827100 ms (FindLiveObjects: 0.278100 ms CreateObjectMapping: 0.191700 ms MarkObjects: 2.260900 ms  DeleteObjects: 0.095000 ms)

========================================================================
Received Prepare
Registering precompiled user dll's ...
Registered in 0.003122 seconds.
Begin MonoManager ReloadAssembly
Native extension for WindowsStandalone target not found
Refreshing native plugins compatible for Editor in 0.58 ms, found 2 plugins.
Preloading 0 native plugins for Editor in 0.00 ms.
Mono: successfully reloaded assembly
- Completed reload, in  0.914 seconds
Platform modules already initialized, skipping
Refreshing native plugins compatible for Editor in 0.62 ms, found 2 plugins.
Preloading 0 native plugins for Editor in 0.00 ms.
Unloading 3364 Unused Serialized files (Serialized files now loaded: 0)
System memory in use before: 128.5 MB.
System memory in use after: 128.6 MB.

Unloading 17 unused Assets to reduce memory usage. Loaded Objects now: 3846.
Total: 2.454500 ms (FindLiveObjects: 0.274600 ms CreateObjectMapping: 0.134300 ms MarkObjects: 1.957500 ms  DeleteObjects: 0.086700 ms)

========================================================================
Received Import Request.
  Time since last request: 1273.089918 seconds.
  path: Assets/Scenes/Modification liste.unity
  artifactKey: Guid(625b84ca1ffdb1f4b9a9e1d29fb97f24) Importer(815301076,1909f56bfc062723c751e8b465ee728b)
Start importing Assets/Scenes/Modification liste.unity using Guid(625b84ca1ffdb1f4b9a9e1d29fb97f24) Importer(815301076,1909f56bfc062723c751e8b465ee728b)  -> (artifact id: 'ce53290644988d1d0af201edd48a6b03') in 0.014492 seconds 
========================================================================
Received Import Request.
  Time since last request: 1.859018 seconds.
  path: Assets/Scenes/Consultation listes.unity
  artifactKey: Guid(c0ae9b0ea3b42da499c5544b9e23d513) Importer(815301076,1909f56bfc062723c751e8b465ee728b)
Start importing Assets/Scenes/Consultation listes.unity using Guid(c0ae9b0ea3b42da499c5544b9e23d513) Importer(815301076,1909f56bfc062723c751e8b465ee728b)  -> (artifact id: '2010e10e6f569d2bdb32c4b413b3ea8a') in 0.003201 seconds 
========================================================================
Received Import Request.
  Time since last request: 23.032741 seconds.
  path: Assets/Scenes/Modification liste.unity
  artifactKey: Guid(625b84ca1ffdb1f4b9a9e1d29fb97f24) Importer(815301076,1909f56bfc062723c751e8b465ee728b)
Start importing Assets/Scenes/Modification liste.unity using Guid(625b84ca1ffdb1f4b9a9e1d29fb97f24) Importer(815301076,1909f56bfc062723c751e8b465ee728b)  -> (artifact id: '21e827397b44dde48c370e962ca63747') in 0.003557 seconds 
========================================================================
Received Import Request.
  Time since last request: 477.093936 seconds.
  path: Assets/Scenes/Modification liste.unity
  artifactKey: Guid(625b84ca1ffdb1f4b9a9e1d29fb97f24) Importer(815301076,1909f56bfc062723c751e8b465ee728b)
Start importing Assets/Scenes/Modification liste.unity using Guid(625b84ca1ffdb1f4b9a9e1d29fb97f24) Importer(815301076,1909f56bfc062723c751e8b465ee728b)  -> (artifact id: '3880864e78c3e5dd016e2556937497cb') in 0.004419 seconds 
AssetImportWorkerClient::OnTransportError - code=2 error=End of file
